This is pdfTeX, Version 3.14159265-2.6-1.40.20 (TeX Live 2019/Debian) (preloaded format=pdflatex 2025.3.9)  9 JUN 2025 23:13
entering extended mode
 restricted \write18 enabled.
 file:line:error style messages enabled.
 %&-line parsing enabled.
**/workspaces/TP3/TP_Dying-cells/Report/Cells.tex
(/workspaces/TP3/TP_Dying-cells/Report/Cells.tex
LaTeX2e <2020-02-02> patch level 2
L3 programming layer <2020-02-14> (/usr/share/texlive/texmf-dist/tex/latex/base/article.cls
Document Class: article 2019/12/20 v1.4l Standard LaTeX document class
(/usr/share/texlive/texmf-dist/tex/latex/base/size12.clo
File: size12.clo 2019/12/20 v1.4l Standard LaTeX file (size option)
)
\c@part=\count167
\c@section=\count168
\c@subsection=\count169
\c@subsubsection=\count170
\c@paragraph=\count171
\c@subparagraph=\count172
\c@figure=\count173
\c@table=\count174
\abovecaptionskip=\skip47
\belowcaptionskip=\skip48
\bibindent=\dimen134
) (/usr/share/texlive/texmf-dist/tex/latex/graphics/graphicx.sty
Package: graphicx 2019/11/30 v1.2a Enhanced LaTeX Graphics (DPC,SPQR)
 (/usr/share/texlive/texmf-dist/tex/latex/graphics/keyval.sty
Package: keyval 2014/10/28 v1.15 key=value parser (DPC)
\KV@toks@=\toks14
) (/usr/share/texlive/texmf-dist/tex/latex/graphics/graphics.sty
Package: graphics 2019/11/30 v1.4a Standard LaTeX Graphics (DPC,SPQR)
 (/usr/share/texlive/texmf-dist/tex/latex/graphics/trig.sty
Package: trig 2016/01/03 v1.10 sin cos tan (DPC)
) (/usr/share/texlive/texmf-dist/tex/latex/graphics-cfg/graphics.cfg
File: graphics.cfg 2016/06/04 v1.11 sample graphics configuration
)
Package graphics Info: Driver file: pdftex.def on input line 105.
 (/usr/share/texlive/texmf-dist/tex/latex/graphics-def/pdftex.def
File: pdftex.def 2018/01/08 v1.0l Graphics/color driver for pdftex
))
\Gin@req@height=\dimen135
\Gin@req@width=\dimen136
) (/usr/share/texlive/texmf-dist/tex/latex/float/float.sty
Package: float 2001/11/08 v1.3d Float enhancements (AL)
\c@float@type=\count175
\float@exts=\toks15
\float@box=\box45
\@float@everytoks=\toks16
\@floatcapt=\box46
) (/usr/share/texlive/texmf-dist/tex/latex/caption/caption.sty
Package: caption 2020/01/03 v3.4h Customizing captions (AR)
 (/usr/share/texlive/texmf-dist/tex/latex/caption/caption3.sty
Package: caption3 2020/01/03 v1.8h caption3 kernel (AR)
Package caption3 Info: TeX engine: e-TeX on input line 61.
\captionmargin=\dimen137
\captionmargin@=\dimen138
\captionwidth=\dimen139
\caption@tempdima=\dimen140
\caption@indent=\dimen141
\caption@parindent=\dimen142
\caption@hangindent=\dimen143
Package caption Info: Standard document class detected.
)
\c@caption@flags=\count176
\c@continuedfloat=\count177
Package caption Info: float package is loaded.
) (/usr/share/texlive/texmf-dist/tex/latex/caption/subcaption.sty
Package: subcaption 2020/01/22 v1.3d Sub-captions (AR)
\c@subfigure=\count178
\c@subtable=\count179
) (/usr/share/texlive/texmf-dist/tex/latex/multirow/multirow.sty
Package: multirow 2019/05/31 v2.5 Span multiple rows of a table
\multirow@colwidth=\skip49
\multirow@cntb=\count180
\multirow@dima=\skip50
\bigstrutjot=\dimen144
) (/usr/share/texlive/texmf-dist/tex/latex/mhchem/mhchem.sty
Package: mhchem 2018/06/22 v4.08 for typesetting chemical formulae
 (/usr/share/texlive/texmf-dist/tex/latex/l3kernel/expl3.sty
Package: expl3 2020-02-14 L3 programming layer (loader) 
 (/usr/share/texlive/texmf-dist/tex/latex/l3backend/l3backend-pdfmode.def
File: l3backend-pdfmode.def 2020-02-03 L3 backend support: PDF mode
\l__kernel_color_stack_int=\count181
\l__pdf_internal_box=\box47
)) (/usr/share/texlive/texmf-dist/tex/latex/l3packages/l3keys2e/l3keys2e.sty
Package: l3keys2e 2020-02-14 LaTeX2e option processing using LaTeX3 keys
) (/usr/share/texlive/texmf-dist/tex/latex/tools/calc.sty
Package: calc 2017/05/25 v4.3 Infix arithmetic (KKT,FJ)
\calc@Acount=\count182
\calc@Bcount=\count183
\calc@Adimen=\dimen145
\calc@Bdimen=\dimen146
\calc@Askip=\skip51
\calc@Bskip=\skip52
LaTeX Info: Redefining \setlength on input line 80.
LaTeX Info: Redefining \addtolength on input line 81.
\calc@Ccount=\count184
\calc@Cskip=\skip53
) (/usr/share/texlive/texmf-dist/tex/latex/amsmath/amsmath.sty
Package: amsmath 2020/01/20 v2.17e AMS math features
\@mathmargin=\skip54

For additional information on amsmath, use the `?' option.
(/usr/share/texlive/texmf-dist/tex/latex/amsmath/amstext.sty
Package: amstext 2000/06/29 v2.01 AMS text
 (/usr/share/texlive/texmf-dist/tex/latex/amsmath/amsgen.sty
File: amsgen.sty 1999/11/30 v2.0 generic functions
\@emptytoks=\toks17
\ex@=\dimen147
)) (/usr/share/texlive/texmf-dist/tex/latex/amsmath/amsbsy.sty
Package: amsbsy 1999/11/29 v1.2d Bold Symbols
\pmbraise@=\dimen148
) (/usr/share/texlive/texmf-dist/tex/latex/amsmath/amsopn.sty
Package: amsopn 2016/03/08 v2.02 operator names
)
\inf@bad=\count185
LaTeX Info: Redefining \frac on input line 227.
\uproot@=\count186
\leftroot@=\count187
LaTeX Info: Redefining \overline on input line 389.
\classnum@=\count188
\DOTSCASE@=\count189
LaTeX Info: Redefining \ldots on input line 486.
LaTeX Info: Redefining \dots on input line 489.
LaTeX Info: Redefining \cdots on input line 610.
\Mathstrutbox@=\box48
\strutbox@=\box49
\big@size=\dimen149
LaTeX Font Info:    Redeclaring font encoding OML on input line 733.
LaTeX Font Info:    Redeclaring font encoding OMS on input line 734.
\macc@depth=\count190
\c@MaxMatrixCols=\count191
\dotsspace@=\muskip16
\c@parentequation=\count192
\dspbrk@lvl=\count193
\tag@help=\toks18
\row@=\count194
\column@=\count195
\maxfields@=\count196
\andhelp@=\toks19
\eqnshift@=\dimen150
\alignsep@=\dimen151
\tagshift@=\dimen152
\tagwidth@=\dimen153
\totwidth@=\dimen154
\lineht@=\dimen155
\@envbody=\toks20
\multlinegap=\skip55
\multlinetaggap=\skip56
\mathdisplay@stack=\toks21
LaTeX Info: Redefining \[ on input line 2859.
LaTeX Info: Redefining \] on input line 2860.
) (/usr/share/texlive/texmf-dist/tex/latex/chemgreek/chemgreek.sty (/usr/share/texlive/texmf-dist/tex/latex/l3packages/xparse/xparse.sty
Package: xparse 2020-02-14 L3 Experimental document command parser
\l__xparse_current_arg_int=\count197
\g__xparse_grabber_int=\count198
\l__xparse_m_args_int=\count199
\l__xparse_v_nesting_int=\count266
)
Package: chemgreek 2020/01/16 v1.1a interface for upright Greek letters for use in chemistry (CN)
\l__chemgreek_tmpa_int=\count267
\g__chemgreek_tmpa_int=\count268
)
\l__mhchem_ce_distanceFromLastComma_int=\count269
\__mhchem_arrow_extPgfLength_skip=\skip57
\mhchem@minispace@tmp=\skip58
\mhchem@minibackspace@tmp=\skip59
\mhchem@bondwidth=\skip60
\mhchem@bondheight=\skip61
\mhchem@smallbondwidth@tmpA=\skip62
\mhchem@smallbondwidth@tmpB=\skip63
\mhchem@smallbondwidth=\skip64
\mhchem@bondtmp@minussidebearingleft=\skip65
\mhchem@bondtmp@minussidebearingright=\skip66
\l__mhchem_option_version_int=\count270
\mhchem@option@minusmathsidebearingleft=\dimen156
\mhchem@option@minusmathsidebearingright=\dimen157
\mhchem@option@minustextsidebearingleft=\dimen158
\mhchem@option@minustextsidebearingright=\dimen159
) (/usr/share/texlive/texmf-dist/tex/latex/geometry/geometry.sty
Package: geometry 2020/01/02 v5.9 Page Geometry
 (/usr/share/texlive/texmf-dist/tex/generic/iftex/ifvtex.sty
Package: ifvtex 2019/10/25 v1.7 ifvtex legacy package. Use iftex instead.
 (/usr/share/texlive/texmf-dist/tex/generic/iftex/iftex.sty
Package: iftex 2019/11/07 v1.0c TeX engine tests
))
\Gm@cnth=\count271
\Gm@cntv=\count272
\c@Gm@tempcnt=\count273
\Gm@bindingoffset=\dimen160
\Gm@wd@mp=\dimen161
\Gm@odd@mp=\dimen162
\Gm@even@mp=\dimen163
\Gm@layoutwidth=\dimen164
\Gm@layoutheight=\dimen165
\Gm@layouthoffset=\dimen166
\Gm@layoutvoffset=\dimen167
\Gm@dimlist=\toks22
) (/usr/share/texlive/texmf-dist/tex/latex/base/fontenc.sty
Package: fontenc 2020/02/11 v2.0o Standard LaTeX package
) (/usr/share/texlive/texmf-dist/tex/latex/base/inputenc.sty
Package: inputenc 2018/08/11 v1.3c Input encoding file
\inpenc@prehook=\toks23
\inpenc@posthook=\toks24
) (/usr/share/texlive/texmf-dist/tex/latex/hyperref/hyperref.sty
Package: hyperref 2020/01/14 v7.00d Hypertext links for LaTeX
 (/usr/share/texlive/texmf-dist/tex/generic/ltxcmds/ltxcmds.sty
Package: ltxcmds 2019/12/15 v1.24 LaTeX kernel commands for general use (HO)
) (/usr/share/texlive/texmf-dist/tex/latex/pdftexcmds/pdftexcmds.sty
Package: pdftexcmds 2019/11/24 v0.31 Utility functions of pdfTeX for LuaTeX (HO)
 (/usr/share/texlive/texmf-dist/tex/generic/infwarerr/infwarerr.sty
Package: infwarerr 2019/12/03 v1.5 Providing info/warning/error messages (HO)
)
Package pdftexcmds Info: \pdf@primitive is available.
Package pdftexcmds Info: \pdf@ifprimitive is available.
Package pdftexcmds Info: \pdfdraftmode found.
) (/usr/share/texlive/texmf-dist/tex/generic/kvsetkeys/kvsetkeys.sty
Package: kvsetkeys 2019/12/15 v1.18 Key value parser (HO)
) (/usr/share/texlive/texmf-dist/tex/generic/kvdefinekeys/kvdefinekeys.sty
Package: kvdefinekeys 2019-12-19 v1.6 Define keys (HO)
) (/usr/share/texlive/texmf-dist/tex/generic/pdfescape/pdfescape.sty
Package: pdfescape 2019/12/09 v1.15 Implements pdfTeX's escape features (HO)
) (/usr/share/texlive/texmf-dist/tex/latex/hycolor/hycolor.sty
Package: hycolor 2020-01-27 v1.10 Color options for hyperref/bookmark (HO)
) (/usr/share/texlive/texmf-dist/tex/latex/letltxmacro/letltxmacro.sty
Package: letltxmacro 2019/12/03 v1.6 Let assignment for LaTeX macros (HO)
) (/usr/share/texlive/texmf-dist/tex/latex/auxhook/auxhook.sty
Package: auxhook 2019-12-17 v1.6 Hooks for auxiliary files (HO)
) (/usr/share/texlive/texmf-dist/tex/latex/kvoptions/kvoptions.sty
Package: kvoptions 2019/11/29 v3.13 Key value format for package options (HO)
)
\@linkdim=\dimen168
\Hy@linkcounter=\count274
\Hy@pagecounter=\count275
 (/usr/share/texlive/texmf-dist/tex/latex/hyperref/pd1enc.def
File: pd1enc.def 2020/01/14 v7.00d Hyperref: PDFDocEncoding definition (HO)
Now handling font encoding PD1 ...
... no UTF-8 mapping file for font encoding PD1
) (/usr/share/texlive/texmf-dist/tex/generic/intcalc/intcalc.sty
Package: intcalc 2019/12/15 v1.3 Expandable calculations with integers (HO)
) (/usr/share/texlive/texmf-dist/tex/generic/etexcmds/etexcmds.sty
Package: etexcmds 2019/12/15 v1.7 Avoid name clashes with e-TeX commands (HO)
)
\Hy@SavedSpaceFactor=\count276
\pdfmajorversion=\count277
Package hyperref Info: Option `colorlinks' set `true' on input line 4421.
Package hyperref Info: Option `bookmarks' set `false' on input line 4421.
Package hyperref Info: Hyper figures OFF on input line 4547.
Package hyperref Info: Link nesting OFF on input line 4552.
Package hyperref Info: Hyper index ON on input line 4555.
Package hyperref Info: Plain pages OFF on input line 4562.
Package hyperref Info: Backreferencing OFF on input line 4567.
Package hyperref Info: Implicit mode ON; LaTeX internals redefined.
Package hyperref Info: Bookmarks OFF on input line 4806.
\c@Hy@tempcnt=\count278
 (/usr/share/texlive/texmf-dist/tex/latex/url/url.sty
\Urlmuskip=\muskip17
Package: url 2013/09/16  ver 3.4  Verb mode for urls, etc.
)
LaTeX Info: Redefining \url on input line 5159.
\XeTeXLinkMargin=\dimen169
 (/usr/share/texlive/texmf-dist/tex/generic/bitset/bitset.sty
Package: bitset 2019/12/09 v1.3 Handle bit-vector datatype (HO)
 (/usr/share/texlive/texmf-dist/tex/generic/bigintcalc/bigintcalc.sty
Package: bigintcalc 2019/12/15 v1.5 Expandable calculations on big integers (HO)
))
\Fld@menulength=\count279
\Field@Width=\dimen170
\Fld@charsize=\dimen171
Package hyperref Info: Hyper figures OFF on input line 6430.
Package hyperref Info: Link nesting OFF on input line 6435.
Package hyperref Info: Hyper index ON on input line 6438.
Package hyperref Info: backreferencing OFF on input line 6445.
Package hyperref Info: Link coloring ON on input line 6448.
Package hyperref Info: Link coloring with OCG OFF on input line 6455.
Package hyperref Info: PDF/A mode OFF on input line 6460.
LaTeX Info: Redefining \ref on input line 6500.
LaTeX Info: Redefining \pageref on input line 6504.
 (/usr/share/texlive/texmf-dist/tex/generic/atbegshi/atbegshi.sty
Package: atbegshi 2019/12/05 v1.19 At begin shipout hook (HO)
)
\Hy@abspage=\count280
\c@Item=\count281
\c@Hfootnote=\count282
)
Package hyperref Info: Driver (autodetected): hpdftex.
 (/usr/share/texlive/texmf-dist/tex/latex/hyperref/hpdftex.def
File: hpdftex.def 2020/01/14 v7.00d Hyperref driver for pdfTeX
 (/usr/share/texlive/texmf-dist/tex/latex/atveryend/atveryend.sty
Package: atveryend 2019-12-11 v1.11 Hooks at the very end of document (HO)
Package atveryend Info: \enddocument detected (standard20110627).
)
\Fld@listcount=\count283
\c@bookmark@seq@number=\count284
 (/usr/share/texlive/texmf-dist/tex/latex/rerunfilecheck/rerunfilecheck.sty
Package: rerunfilecheck 2019/12/05 v1.9 Rerun checks for auxiliary files (HO)
 (/usr/share/texlive/texmf-dist/tex/generic/uniquecounter/uniquecounter.sty
Package: uniquecounter 2019/12/15 v1.4 Provide unlimited unique counter (HO)
)
Package uniquecounter Info: New unique counter `rerunfilecheck' on input line 286.
)
\Hy@SectionHShift=\skip67
) (/usr/share/texlive/texmf-dist/tex/latex/units/units.sty
Package: units 1998/08/04 v0.9b Typesetting units
 (/usr/share/texlive/texmf-dist/tex/latex/base/ifthen.sty
Package: ifthen 2014/09/29 v1.1c Standard LaTeX ifthen package (DPC)
) (/usr/share/texlive/texmf-dist/tex/latex/units/nicefrac.sty
Package: nicefrac 1998/08/04 v0.9b Nice fractions
\L@UnitsRaiseDisplaystyle=\skip68
\L@UnitsRaiseTextstyle=\skip69
\L@UnitsRaiseScriptstyle=\skip70
)) (/usr/share/texlive/texmf-dist/tex/latex/tools/verbatim.sty
Package: verbatim 2019/11/10 v1.5r LaTeX2e package for verbatim enhancements
\every@verbatim=\toks25
\verbatim@line=\toks26
\verbatim@in@stream=\read2
) (/usr/share/texlive/texmf-dist/tex/latex/verbdef/verbdef.sty
Package: verbdef 2000/10/06 v0.2 define verbatim csnames
) (/workspaces/TP3/TP_Dying-cells/Report/Cells.aux)
\openout1 = `Cells.aux'.

LaTeX Font Info:    Checking defaults for OML/cmm/m/it on input line 71.
LaTeX Font Info:    ... okay on input line 71.
LaTeX Font Info:    Checking defaults for OMS/cmsy/m/n on input line 71.
LaTeX Font Info:    ... okay on input line 71.
LaTeX Font Info:    Checking defaults for OT1/cmr/m/n on input line 71.
LaTeX Font Info:    ... okay on input line 71.
LaTeX Font Info:    Checking defaults for T1/cmr/m/n on input line 71.
LaTeX Font Info:    ... okay on input line 71.
LaTeX Font Info:    Checking defaults for TS1/cmr/m/n on input line 71.
LaTeX Font Info:    ... okay on input line 71.
LaTeX Font Info:    Checking defaults for OMX/cmex/m/n on input line 71.
LaTeX Font Info:    ... okay on input line 71.
LaTeX Font Info:    Checking defaults for U/cmr/m/n on input line 71.
LaTeX Font Info:    ... okay on input line 71.
LaTeX Font Info:    Checking defaults for PD1/pdf/m/n on input line 71.
LaTeX Font Info:    ... okay on input line 71.
 (/usr/share/texlive/texmf-dist/tex/context/base/mkii/supp-pdf.mkii
[Loading MPS to PDF converter (version 2006.09.02).]
\scratchcounter=\count285
\scratchdimen=\dimen172
\scratchbox=\box50
\nofMPsegments=\count286
\nofMParguments=\count287
\everyMPshowfont=\toks27
\MPscratchCnt=\count288
\MPscratchDim=\dimen173
\MPnumerator=\count289
\makeMPintoPDFobject=\count290
\everyMPtoPDFconversion=\toks28
) (/usr/share/texlive/texmf-dist/tex/latex/epstopdf-pkg/epstopdf-base.sty
Package: epstopdf-base 2020-01-24 v2.11 Base part for package epstopdf
Package epstopdf-base Info: Redefining graphics rule for `.eps' on input line 485.
 (/usr/share/texlive/texmf-dist/tex/latex/latexconfig/epstopdf-sys.cfg
File: epstopdf-sys.cfg 2010/07/13 v1.3 Configuration of (r)epstopdf for TeX Live
))
Package caption Info: Begin \AtBeginDocument code.
Package caption Info: hyperref package is loaded.
Package caption Info: End \AtBeginDocument code.

Package chemgreek Info: Activating mapping `default' on line 71.


*geometry* driver: auto-detecting
*geometry* detected driver: pdftex
*geometry* verbose mode - [ preamble ] result:
* driver: pdftex
* paper: a4paper
* layout: <same size as paper>
* layoutoffset:(h,v)=(0.0pt,0.0pt)
* modes: 
* h-part:(L,W,R)=(56.9055pt, 483.69687pt, 56.9055pt)
* v-part:(T,H,B)=(71.13188pt, 717.00946pt, 56.9055pt)
* \paperwidth=597.50787pt
* \paperheight=845.04684pt
* \textwidth=483.69687pt
* \textheight=717.00946pt
* \oddsidemargin=-15.36449pt
* \evensidemargin=-15.36449pt
* \topmargin=-38.1381pt
* \headheight=12.0pt
* \headsep=25.0pt
* \topskip=12.0pt
* \footskip=30.0pt
* \marginparwidth=35.0pt
* \marginparsep=10.0pt
* \columnsep=10.0pt
* \skip\footins=10.8pt plus 4.0pt minus 2.0pt
* \hoffset=0.0pt
* \voffset=0.0pt
* \mag=1000
* \@twocolumnfalse
* \@twosidefalse
* \@mparswitchfalse
* \@reversemarginfalse
* (1in=72.27pt=25.4mm, 1cm=28.453pt)

\AtBeginShipoutBox=\box51
(/usr/share/texlive/texmf-dist/tex/latex/graphics/color.sty
Package: color 2019/11/23 v1.2a Standard LaTeX Color (DPC)
 (/usr/share/texlive/texmf-dist/tex/latex/graphics-cfg/color.cfg
File: color.cfg 2016/01/02 v1.6 sample color configuration
)
Package color Info: Driver file: pdftex.def on input line 147.
)
Package hyperref Info: Link coloring ON on input line 71.
 (/usr/share/texlive/texmf-dist/tex/latex/hyperref/nameref.sty
Package: nameref 2019/09/16 v2.46 Cross-referencing by name of section
 (/usr/share/texlive/texmf-dist/tex/latex/refcount/refcount.sty
Package: refcount 2019/12/15 v3.6 Data extraction from label references (HO)
) (/usr/share/texlive/texmf-dist/tex/generic/gettitlestring/gettitlestring.sty
Package: gettitlestring 2019/12/15 v1.6 Cleanup title references (HO)
)
\c@section@level=\count291
)
LaTeX Info: Redefining \ref on input line 71.
LaTeX Info: Redefining \pageref on input line 71.
LaTeX Info: Redefining \nameref on input line 71.
LaTeX Font Info:    Trying to load font information for T1+cmss on input line 75.
 (/usr/share/texlive/texmf-dist/tex/latex/base/t1cmss.fd
File: t1cmss.fd 2019/12/16 v2.5j Standard LaTeX font definitions
)

LaTeX Warning: Citation `Miller1968' on page 1 undefined on input line 89.


LaTeX Warning: Citation `Hausmann1976' on page 1 undefined on input line 89.


LaTeX Warning: Citation `Mathijssen2019' on page 1 undefined on input line 91.

[1

{/var/lib/texmf/fonts/map/pdftex/updmap/pdftex.map}]

LaTeX Warning: Reference `fig:paramecium' on page 2 undefined on input line 103.

</workspaces/TP3/TP_Dying-cells/Figures/Paramecium.jpg, id=19, 753.81625pt x 740.7675pt>
File: /workspaces/TP3/TP_Dying-cells/Figures/Paramecium.jpg Graphic file (type jpg)
<use /workspaces/TP3/TP_Dying-cells/Figures/Paramecium.jpg>
Package pdftex.def Info: /workspaces/TP3/TP_Dying-cells/Figures/Paramecium.jpg  used on input line 128.
(pdftex.def)             Requested size: 197.05748pt x 193.6462pt.

LaTeX Warning: Citation `wikipedia' on page 2 undefined on input line 129.


LaTeX Warning: Citation `wikipedia' on page 2 undefined on input line 129.


LaTeX Warning: Reference `fig:cell_response' on page 2 undefined on input line 149.

</workspaces/TP3/TP_Dying-cells/Figures/Cell_response.png, id=20, 499.11469pt x 300.3722pt>
File: /workspaces/TP3/TP_Dying-cells/Figures/Cell_response.png Graphic file (type png)
<use /workspaces/TP3/TP_Dying-cells/Figures/Cell_response.png>
Package pdftex.def Info: /workspaces/TP3/TP_Dying-cells/Figures/Cell_response.png  used on input line 157.
(pdftex.def)             Requested size: 237.01411pt x 142.63701pt.

LaTeX Warning: Citation `Notice' on page 2 undefined on input line 158.


LaTeX Warning: Citation `Notice' on page 2 undefined on input line 158.


LaTeX Warning: Citation `naitoh1972' on page 2 undefined on input line 167.

[2 </workspaces/TP3/TP_Dying-cells/Figures/Paramecium.jpg> </workspaces/TP3/TP_Dying-cells/Figures/Cell_response.png>]

LaTeX Warning: Citation `naitoh1969' on page 3 undefined on input line 173.


LaTeX Warning: Citation `hausmann2003' on page 3 undefined on input line 177.


LaTeX Warning: Reference `fig:trichocysts' on page 3 undefined on input line 177.


LaTeX Warning: File `TP6 dying cells/Figures/trichocysts.png' not found on input line 185.


/workspaces/TP3/TP_Dying-cells/Report/Cells.tex:185: Package pdftex.def Error: File `TP6 dying cells/Figures/trichocysts.png' not found: using draft setting.

See the pdftex.def package documentation for explanation.
Type  H <return>  for immediate help.
 ...                                              
                                                  
l.185 ...{TP6 dying cells/Figures/trichocysts.png}
                                                  
Try typing  <return>  to proceed.
If that doesn't work, type  X <return>  to quit.

LaTeX Font Info:    Trying to load font information for T1+cmtt on input line 185.
(/usr/share/texlive/texmf-dist/tex/latex/base/t1cmtt.fd
File: t1cmtt.fd 2019/12/16 v2.5j Standard LaTeX font definitions
)

LaTeX Warning: Citation `trichocysts' on page 3 undefined on input line 186.


LaTeX Warning: Citation `trichocysts' on page 3 undefined on input line 186.


LaTeX Warning: Reference `fig:Chamber_layer' on page 3 undefined on input line 201.


LaTeX Warning: Reference `fig:Chamber_top' on page 3 undefined on input line 201.

[3]
</workspaces/TP3/TP_Dying-cells/Figures/Chamber_layer.pdf, id=45, 426.09154pt x 288.79123pt>
File: /workspaces/TP3/TP_Dying-cells/Figures/Chamber_layer.pdf Graphic file (type pdf)
<use /workspaces/TP3/TP_Dying-cells/Figures/Chamber_layer.pdf>
Package pdftex.def Info: /workspaces/TP3/TP_Dying-cells/Figures/Chamber_layer.pdf  used on input line 208.
(pdftex.def)             Requested size: 213.31125pt x 144.57593pt.
</workspaces/TP3/TP_Dying-cells/Figures/Chamber_top.pdf, id=46, 286.27892pt x 170.75374pt>
File: /workspaces/TP3/TP_Dying-cells/Figures/Chamber_top.pdf Graphic file (type pdf)
<use /workspaces/TP3/TP_Dying-cells/Figures/Chamber_top.pdf>
Package pdftex.def Info: /workspaces/TP3/TP_Dying-cells/Figures/Chamber_top.pdf  used on input line 218.
(pdftex.def)             Requested size: 213.31125pt x 127.23643pt.


LaTeX Warning: Reference `fig:setup' on page 4 undefined on input line 226.

</workspaces/TP3/TP_Dying-cells/Figures/gros_setup.jpeg, id=47, 1606.0pt x 1204.5pt>
File: /workspaces/TP3/TP_Dying-cells/Figures/gros_setup.jpeg Graphic file (type jpg)
<use /workspaces/TP3/TP_Dying-cells/Figures/gros_setup.jpeg>
Package pdftex.def Info: /workspaces/TP3/TP_Dying-cells/Figures/gros_setup.jpeg  used on input line 230.
(pdftex.def)             Requested size: 338.58632pt x 253.92656pt.

LaTeX Warning: Reference `fig:trackmate' on page 4 undefined on input line 239.

</workspaces/TP3/TP_Dying-cells/Figures/Fiji.png, id=48, 1080.53688pt x 681.54625pt>
File: /workspaces/TP3/TP_Dying-cells/Figures/Fiji.png Graphic file (type png)
<use /workspaces/TP3/TP_Dying-cells/Figures/Fiji.png>
Package pdftex.def Info: /workspaces/TP3/TP_Dying-cells/Figures/Fiji.png  used on input line 248.
(pdftex.def)             Requested size: 204.6029pt x 129.04794pt.
[4 </workspaces/TP3/TP_Dying-cells/Figures/Chamber_layer.pdf> </workspaces/TP3/TP_Dying-cells/Figures/Chamber_top.pdf> </workspaces/TP3/TP_Dying-cells/Figures/gros_setup.jpeg>]

LaTeX Warning: Reference `fig:before_pulse' on page 5 undefined on input line 265.


LaTeX Warning: Reference `fig:after_pulse' on page 5 undefined on input line 265.

</workspaces/TP3/TP_Dying-cells/Figures/before_pulse.png, id=98, 715.67375pt x 345.29pt>
File: /workspaces/TP3/TP_Dying-cells/Figures/before_pulse.png Graphic file (type png)
<use /workspaces/TP3/TP_Dying-cells/Figures/before_pulse.png>
Package pdftex.def Info: /workspaces/TP3/TP_Dying-cells/Figures/before_pulse.png  used on input line 272.
(pdftex.def)             Requested size: 213.31125pt x 102.91339pt.
</workspaces/TP3/TP_Dying-cells/Figures/after_pulse.png, id=99, 720.19063pt x 346.29375pt>
File: /workspaces/TP3/TP_Dying-cells/Figures/after_pulse.png Graphic file (type png)
<use /workspaces/TP3/TP_Dying-cells/Figures/after_pulse.png>
Package pdftex.def Info: /workspaces/TP3/TP_Dying-cells/Figures/after_pulse.png  used on input line 282.
(pdftex.def)             Requested size: 213.31125pt x 102.56792pt.
[5 </workspaces/TP3/TP_Dying-cells/Figures/Fiji.png> </workspaces/TP3/TP_Dying-cells/Figures/before_pulse.png> </workspaces/TP3/TP_Dying-cells/Figures/after_pulse.png>]

LaTeX Warning: Reference `fig:aligning_before' on page 6 undefined on input line 294.


LaTeX Warning: Reference `fig:aligning_during_pulse' on page 6 undefined on input line 294.


LaTeX Warning: Reference `fig:Paramecium_aligning' on page 6 undefined on input line 294.

</workspaces/TP3/TP_Dying-cells/Figures/aligning_before.png, id=115, 473.26813pt x 491.33563pt>
File: /workspaces/TP3/TP_Dying-cells/Figures/aligning_before.png Graphic file (type png)
<use /workspaces/TP3/TP_Dying-cells/Figures/aligning_before.png>
Package pdftex.def Info: /workspaces/TP3/TP_Dying-cells/Figures/aligning_before.png  used on input line 301.
(pdftex.def)             Requested size: 189.61201pt x 196.84564pt.
</workspaces/TP3/TP_Dying-cells/Figures/aligning_during_pulse.png, id=116, 468.24937pt x 486.81876pt>
File: /workspaces/TP3/TP_Dying-cells/Figures/aligning_during_pulse.png Graphic file (type png)
<use /workspaces/TP3/TP_Dying-cells/Figures/aligning_during_pulse.png>
Package pdftex.def Info: /workspaces/TP3/TP_Dying-cells/Figures/aligning_during_pulse.png  used on input line 311.
(pdftex.def)             Requested size: 189.61201pt x 197.1308pt.

LaTeX Warning: Reference `fig:Cell_in_contraction_1' on page 6 undefined on input line 318.


LaTeX Warning: Reference `fig:Cell_in_contraction_2' on page 6 undefined on input line 318.


LaTeX Warning: Reference `fig:Cells_contracting' on page 6 undefined on input line 318.


LaTeX Warning: Reference `fig:Contracted_cell' on page 6 undefined on input line 318.

</workspaces/TP3/TP_Dying-cells/Figures/Cells_in_contraction_1.png, id=117, 224.84pt x 115.43124pt>
File: /workspaces/TP3/TP_Dying-cells/Figures/Cells_in_contraction_1.png Graphic file (type png)
<use /workspaces/TP3/TP_Dying-cells/Figures/Cells_in_contraction_1.png>
Package pdftex.def Info: /workspaces/TP3/TP_Dying-cells/Figures/Cells_in_contraction_1.png  used on input line 325.
(pdftex.def)             Requested size: 213.31125pt x 109.51637pt.
</workspaces/TP3/TP_Dying-cells/Figures/Cells_in_contraction_2.png, id=118, 417.05812pt x 189.20688pt>
File: /workspaces/TP3/TP_Dying-cells/Figures/Cells_in_contraction_2.png Graphic file (type png)
<use /workspaces/TP3/TP_Dying-cells/Figures/Cells_in_contraction_2.png>
Package pdftex.def Info: /workspaces/TP3/TP_Dying-cells/Figures/Cells_in_contraction_2.png  used on input line 335.
(pdftex.def)             Requested size: 213.31125pt x 96.77426pt.
[6 </workspaces/TP3/TP_Dying-cells/Figures/aligning_before.png> </workspaces/TP3/TP_Dying-cells/Figures/aligning_during_pulse.png> </workspaces/TP3/TP_Dying-cells/Figures/Cells_in_contraction_1.png> </workspaces/TP3/TP_Dying-cells/Figures/Cells_in_contraction_2.png>]

LaTeX Warning: Reference `fig:Trichocysts_expulsion' on page 7 undefined on input line 342.


LaTeX Warning: Reference `fig:Swimming_Damaged_Paramecium' on page 7 undefined on input line 342.

</workspaces/TP3/TP_Dying-cells/Figures/Contracted_cell.png, id=133, 169.63374pt x 140.525pt>
File: /workspaces/TP3/TP_Dying-cells/Figures/Contracted_cell.png Graphic file (type png)
<use /workspaces/TP3/TP_Dying-cells/Figures/Contracted_cell.png>
Package pdftex.def Info: /workspaces/TP3/TP_Dying-cells/Figures/Contracted_cell.png  used on input line 349.
(pdftex.def)             Requested size: 213.31125pt x 176.71504pt.
</workspaces/TP3/TP_Dying-cells/Figures/Trichocysts_expulsion.png, id=134, 304.63812pt x 222.8325pt>
File: /workspaces/TP3/TP_Dying-cells/Figures/Trichocysts_expulsion.png Graphic file (type png)
<use /workspaces/TP3/TP_Dying-cells/Figures/Trichocysts_expulsion.png>
Package pdftex.def Info: /workspaces/TP3/TP_Dying-cells/Figures/Trichocysts_expulsion.png  used on input line 359.
(pdftex.def)             Requested size: 213.31125pt x 156.03609pt.

LaTeX Warning: Reference `fig:Swimming_Damaged_Paramecium' on page 7 undefined on input line 365.


LaTeX Warning: Reference `fig:trajectories' on page 7 undefined on input line 377.


Underfull \hbox (badness 3965) in paragraph at lines 377--378
\T1/cmr/m/n/12 ex-plained in the the-ory sec-tion,
 []


Underfull \hbox (badness 1400) in paragraph at lines 377--378
\T1/cmr/m/n/12 tra-jec-to-ries ob-served in the $[][][]$
 []


Underfull \hbox (badness 1490) in paragraph at lines 377--378
\T1/cmr/m/n/12 ware with the Track-Mate plu-gin.
 []

</workspaces/TP3/TP_Dying-cells/Figures/2.5mM_0V_007_trajectories.pdf, id=135, 579.2339pt x 420.08818pt>
File: /workspaces/TP3/TP_Dying-cells/Figures/2.5mM_0V_007_trajectories.pdf Graphic file (type pdf)
<use /workspaces/TP3/TP_Dying-cells/Figures/2.5mM_0V_007_trajectories.pdf>
Package pdftex.def Info: /workspaces/TP3/TP_Dying-cells/Figures/2.5mM_0V_007_trajectories.pdf  used on input line 385.
(pdftex.def)             Requested size: 256.83969pt x 186.2752pt.
[7 </workspaces/TP3/TP_Dying-cells/Figures/Contracted_cell.png> </workspaces/TP3/TP_Dying-cells/Figures/Trichocysts_expulsion.png>]

LaTeX Warning: Reference `fig:velocity_all_MQ' on page 8 undefined on input line 393.


/workspaces/TP3/TP_Dying-cells/Report/Cells.tex:580: LaTeX Error: Can be used only in preamble.

See the LaTeX manual or LaTeX Companion for explanation.
Type  H <return>  for immediate help.
 ...                                              
                                                  
l.580 \documentclass
                    [a4paper, 12pt,oneside]{article}
Your command was ignored.
Type  I <command> <return>  to replace it with another command,
or  <return>  to continue without it.


/workspaces/TP3/TP_Dying-cells/Report/Cells.tex:585: LaTeX Error: Can be used only in preamble.

See the LaTeX manual or LaTeX Companion for explanation.
Type  H <return>  for immediate help.
 ...                                              
                                                  
l.585 \usepackage
                 {graphicx}
Your command was ignored.
Type  I <command> <return>  to replace it with another command,
or  <return>  to continue without it.


/workspaces/TP3/TP_Dying-cells/Report/Cells.tex:590: LaTeX Error: Can be used only in preamble.

See the LaTeX manual or LaTeX Companion for explanation.
Type  H <return>  for immediate help.
 ...                                              
                                                  
l.590 \usepackage
                 {float}
Your command was ignored.
Type  I <command> <return>  to replace it with another command,
or  <return>  to continue without it.


/workspaces/TP3/TP_Dying-cells/Report/Cells.tex:591: LaTeX Error: Can be used only in preamble.

See the LaTeX manual or LaTeX Companion for explanation.
Type  H <return>  for immediate help.
 ...                                              
                                                  
l.591 \usepackage
                 {caption}
Your command was ignored.
Type  I <command> <return>  to replace it with another command,
or  <return>  to continue without it.


/workspaces/TP3/TP_Dying-cells/Report/Cells.tex:592: LaTeX Error: Can be used only in preamble.

See the LaTeX manual or LaTeX Companion for explanation.
Type  H <return>  for immediate help.
 ...                                              
                                                  
l.592 \usepackage
                 {subcaption}
Your command was ignored.
Type  I <command> <return>  to replace it with another command,
or  <return>  to continue without it.


/workspaces/TP3/TP_Dying-cells/Report/Cells.tex:593: LaTeX Error: Can be used only in preamble.

See the LaTeX manual or LaTeX Companion for explanation.
Type  H <return>  for immediate help.
 ...                                              
                                                  
l.593 \usepackage
                 {multirow}
Your command was ignored.
Type  I <command> <return>  to replace it with another command,
or  <return>  to continue without it.


/workspaces/TP3/TP_Dying-cells/Report/Cells.tex:594: LaTeX Error: Can be used only in preamble.

See the LaTeX manual or LaTeX Companion for explanation.
Type  H <return>  for immediate help.
 ...                                              
                                                  
l.594 \usepackage
                 [version=4]{mhchem}
Your command was ignored.
Type  I <command> <return>  to replace it with another command,
or  <return>  to continue without it.


/workspaces/TP3/TP_Dying-cells/Report/Cells.tex:599: LaTeX Error: Can be used only in preamble.

See the LaTeX manual or LaTeX Companion for explanation.
Type  H <return>  for immediate help.
 ...                                              
                                                  
l.599 \usepackage
                 [top=2.5cm, bottom=2cm, left=2cm, right=2cm]{geometry}
Your command was ignored.
Type  I <command> <return>  to replace it with another command,
or  <return>  to continue without it.


/workspaces/TP3/TP_Dying-cells/Report/Cells.tex:602: LaTeX Error: Can be used only in preamble.

See the LaTeX manual or LaTeX Companion for explanation.
Type  H <return>  for immediate help.
 ...                                              
                                                  
l.602 \usepackage
                 {amsmath}
Your command was ignored.
Type  I <command> <return>  to replace it with another command,
or  <return>  to continue without it.


/workspaces/TP3/TP_Dying-cells/Report/Cells.tex:608: LaTeX Error: Can be used only in preamble.

See the LaTeX manual or LaTeX Companion for explanation.
Type  H <return>  for immediate help.
 ...                                              
                                                  
l.608 \usepackage
                 [T1]{fontenc}
Your command was ignored.
Type  I <command> <return>  to replace it with another command,
or  <return>  to continue without it.


/workspaces/TP3/TP_Dying-cells/Report/Cells.tex:614: LaTeX Error: Can be used only in preamble.

See the LaTeX manual or LaTeX Companion for explanation.
Type  H <return>  for immediate help.
 ...                                              
                                                  
l.614 \usepackage
                 [utf8]{inputenc}
Your command was ignored.
Type  I <command> <return>  to replace it with another command,
or  <return>  to continue without it.


/workspaces/TP3/TP_Dying-cells/Report/Cells.tex:622: LaTeX Error: Can be used only in preamble.

See the LaTeX manual or LaTeX Companion for explanation.
Type  H <return>  for immediate help.
 ...                                              
                                                  
l.622 \usepackage
                 [colorlinks,bookmarks=false,linkcolor=black,urlcolor=blue, ...
Your command was ignored.
Type  I <command> <return>  to replace it with another command,
or  <return>  to continue without it.


/workspaces/TP3/TP_Dying-cells/Report/Cells.tex:625: LaTeX Error: Can be used only in preamble.

See the LaTeX manual or LaTeX Companion for explanation.
Type  H <return>  for immediate help.
 ...                                              
                                                  
l.625 \usepackage
                 {units}
Your command was ignored.
Type  I <command> <return>  to replace it with another command,
or  <return>  to continue without it.


/workspaces/TP3/TP_Dying-cells/Report/Cells.tex:631: LaTeX Error: Can be used only in preamble.

See the LaTeX manual or LaTeX Companion for explanation.
Type  H <return>  for immediate help.
 ...                                              
                                                  
l.631 \usepackage
                 {verbatim}
Your command was ignored.
Type  I <command> <return>  to replace it with another command,
or  <return>  to continue without it.


/workspaces/TP3/TP_Dying-cells/Report/Cells.tex:632: LaTeX Error: Can be used only in preamble.

See the LaTeX manual or LaTeX Companion for explanation.
Type  H <return>  for immediate help.
 ...                                              
                                                  
l.632 \usepackage
                 {verbdef}% http://ctan.org/pkg/verbdef
Your command was ignored.
Type  I <command> <return>  to replace it with another command,
or  <return>  to continue without it.


/workspaces/TP3/TP_Dying-cells/Report/Cells.tex:650: LaTeX Error: Can be used only in preamble.

See the LaTeX manual or LaTeX Companion for explanation.
Type  H <return>  for immediate help.
 ...                                              
                                                  
l.650 \begin{document}
                      
Your command was ignored.
Type  I <command> <return>  to replace it with another command,
or  <return>  to continue without it.

[8 </workspaces/TP3/TP_Dying-cells/Figures/2.5mM_0V_007_trajectories.pdf>]

LaTeX Warning: Citation `Miller1968' on page 9 undefined on input line 668.


LaTeX Warning: Citation `Hausmann1976' on page 9 undefined on input line 668.


LaTeX Warning: Citation `Mathijssen2019' on page 9 undefined on input line 670.


LaTeX Warning: Reference `fig:paramecium' on page 9 undefined on input line 682.

File: /workspaces/TP3/TP_Dying-cells/Figures/Paramecium.jpg Graphic file (type jpg)
<use /workspaces/TP3/TP_Dying-cells/Figures/Paramecium.jpg>
Package pdftex.def Info: /workspaces/TP3/TP_Dying-cells/Figures/Paramecium.jpg  used on input line 707.
(pdftex.def)             Requested size: 197.05748pt x 193.6462pt.

LaTeX Warning: Citation `wikipedia' on page 9 undefined on input line 708.


LaTeX Warning: Citation `wikipedia' on page 9 undefined on input line 708.

[9]

LaTeX Warning: Reference `fig:cell_response' on page 10 undefined on input line 728.

File: /workspaces/TP3/TP_Dying-cells/Figures/Cell_response.png Graphic file (type png)
<use /workspaces/TP3/TP_Dying-cells/Figures/Cell_response.png>
Package pdftex.def Info: /workspaces/TP3/TP_Dying-cells/Figures/Cell_response.png  used on input line 736.
(pdftex.def)             Requested size: 237.01411pt x 142.63701pt.

LaTeX Warning: Citation `Notice' on page 10 undefined on input line 737.


LaTeX Warning: Citation `Notice' on page 10 undefined on input line 737.


LaTeX Warning: Citation `naitoh1972' on page 10 undefined on input line 746.


LaTeX Warning: Citation `naitoh1969' on page 10 undefined on input line 752.

[10]

LaTeX Warning: Citation `hausmann2003' on page 11 undefined on input line 756.


LaTeX Warning: Reference `fig:trichocysts' on page 11 undefined on input line 756.


LaTeX Warning: File `TP6 dying cells/Figures/trichocysts.png' not found on input line 764.


/workspaces/TP3/TP_Dying-cells/Report/Cells.tex:764: Package pdftex.def Error: File `TP6 dying cells/Figures/trichocysts.png' not found: using draft setting.

See the pdftex.def package documentation for explanation.
Type  H <return>  for immediate help.
 ...                                              
                                                  
l.764 ...{TP6 dying cells/Figures/trichocysts.png}
                                                  
Try typing  <return>  to proceed.
If that doesn't work, type  X <return>  to quit.


LaTeX Warning: Citation `trichocysts' on page 11 undefined on input line 765.


LaTeX Warning: Citation `trichocysts' on page 11 undefined on input line 765.


LaTeX Warning: Reference `fig:Chamber_layer' on page 11 undefined on input line 780.


LaTeX Warning: Reference `fig:Chamber_top' on page 11 undefined on input line 780.

File: /workspaces/TP3/TP_Dying-cells/Figures/Chamber_layer.pdf Graphic file (type pdf)
<use /workspaces/TP3/TP_Dying-cells/Figures/Chamber_layer.pdf>
Package pdftex.def Info: /workspaces/TP3/TP_Dying-cells/Figures/Chamber_layer.pdf  used on input line 787.
(pdftex.def)             Requested size: 213.31125pt x 144.57593pt.
File: /workspaces/TP3/TP_Dying-cells/Figures/Chamber_top.pdf Graphic file (type pdf)
<use /workspaces/TP3/TP_Dying-cells/Figures/Chamber_top.pdf>
Package pdftex.def Info: /workspaces/TP3/TP_Dying-cells/Figures/Chamber_top.pdf  used on input line 797.
(pdftex.def)             Requested size: 213.31125pt x 127.23643pt.
[11]

LaTeX Warning: Reference `fig:setup' on page 12 undefined on input line 805.

File: /workspaces/TP3/TP_Dying-cells/Figures/gros_setup.jpeg Graphic file (type jpg)
<use /workspaces/TP3/TP_Dying-cells/Figures/gros_setup.jpeg>
Package pdftex.def Info: /workspaces/TP3/TP_Dying-cells/Figures/gros_setup.jpeg  used on input line 809.
(pdftex.def)             Requested size: 338.58632pt x 253.92656pt.

LaTeX Warning: Reference `fig:trackmate' on page 12 undefined on input line 818.

File: /workspaces/TP3/TP_Dying-cells/Figures/Fiji.png Graphic file (type png)
<use /workspaces/TP3/TP_Dying-cells/Figures/Fiji.png>
Package pdftex.def Info: /workspaces/TP3/TP_Dying-cells/Figures/Fiji.png  used on input line 827.
(pdftex.def)             Requested size: 204.6029pt x 129.04794pt.
[12]

LaTeX Warning: Reference `fig:before_pulse' on page 13 undefined on input line 842.


LaTeX Warning: Reference `fig:after_pulse' on page 13 undefined on input line 842.

File: /workspaces/TP3/TP_Dying-cells/Figures/before_pulse.png Graphic file (type png)
<use /workspaces/TP3/TP_Dying-cells/Figures/before_pulse.png>
Package pdftex.def Info: /workspaces/TP3/TP_Dying-cells/Figures/before_pulse.png  used on input line 849.
(pdftex.def)             Requested size: 213.31125pt x 102.91339pt.
File: /workspaces/TP3/TP_Dying-cells/Figures/after_pulse.png Graphic file (type png)
<use /workspaces/TP3/TP_Dying-cells/Figures/after_pulse.png>
Package pdftex.def Info: /workspaces/TP3/TP_Dying-cells/Figures/after_pulse.png  used on input line 859.
(pdftex.def)             Requested size: 213.31125pt x 102.56792pt.
[13]

LaTeX Warning: Reference `fig:aligning_before' on page 14 undefined on input line 871.


LaTeX Warning: Reference `fig:aligning_during_pulse' on page 14 undefined on input line 871.


LaTeX Warning: Reference `fig:Paramecium_aligning' on page 14 undefined on input line 871.

File: /workspaces/TP3/TP_Dying-cells/Figures/aligning_before.png Graphic file (type png)
<use /workspaces/TP3/TP_Dying-cells/Figures/aligning_before.png>
Package pdftex.def Info: /workspaces/TP3/TP_Dying-cells/Figures/aligning_before.png  used on input line 878.
(pdftex.def)             Requested size: 189.61201pt x 196.84564pt.
File: /workspaces/TP3/TP_Dying-cells/Figures/aligning_during_pulse.png Graphic file (type png)
<use /workspaces/TP3/TP_Dying-cells/Figures/aligning_during_pulse.png>
Package pdftex.def Info: /workspaces/TP3/TP_Dying-cells/Figures/aligning_during_pulse.png  used on input line 888.
(pdftex.def)             Requested size: 189.61201pt x 197.1308pt.

LaTeX Warning: Reference `fig:Cell_in_contraction_1' on page 14 undefined on input line 895.


LaTeX Warning: Reference `fig:Cell_in_contraction_2' on page 14 undefined on input line 895.


LaTeX Warning: Reference `fig:Cells_contracting' on page 14 undefined on input line 895.


LaTeX Warning: Reference `fig:Contracted_cell' on page 14 undefined on input line 895.

File: /workspaces/TP3/TP_Dying-cells/Figures/Cells_in_contraction_1.png Graphic file (type png)
<use /workspaces/TP3/TP_Dying-cells/Figures/Cells_in_contraction_1.png>
Package pdftex.def Info: /workspaces/TP3/TP_Dying-cells/Figures/Cells_in_contraction_1.png  used on input line 902.
(pdftex.def)             Requested size: 213.31125pt x 109.51637pt.
File: /workspaces/TP3/TP_Dying-cells/Figures/Cells_in_contraction_2.png Graphic file (type png)
<use /workspaces/TP3/TP_Dying-cells/Figures/Cells_in_contraction_2.png>
Package pdftex.def Info: /workspaces/TP3/TP_Dying-cells/Figures/Cells_in_contraction_2.png  used on input line 912.
(pdftex.def)             Requested size: 213.31125pt x 96.77426pt.

LaTeX Warning: Reference `fig:Trichocysts_expulsion' on page 14 undefined on input line 919.


LaTeX Warning: Reference `fig:Swimming_Damaged_Paramecium' on page 14 undefined on input line 919.

[14]
File: /workspaces/TP3/TP_Dying-cells/Figures/Contracted_cell.png Graphic file (type png)
<use /workspaces/TP3/TP_Dying-cells/Figures/Contracted_cell.png>
Package pdftex.def Info: /workspaces/TP3/TP_Dying-cells/Figures/Contracted_cell.png  used on input line 926.
(pdftex.def)             Requested size: 213.31125pt x 176.71504pt.
File: /workspaces/TP3/TP_Dying-cells/Figures/Trichocysts_expulsion.png Graphic file (type png)
<use /workspaces/TP3/TP_Dying-cells/Figures/Trichocysts_expulsion.png>
Package pdftex.def Info: /workspaces/TP3/TP_Dying-cells/Figures/Trichocysts_expulsion.png  used on input line 936.
(pdftex.def)             Requested size: 213.31125pt x 156.03609pt.


LaTeX Warning: Reference `fig:Swimming_Damaged_Paramecium' on page 15 undefined on input line 942.


LaTeX Warning: Reference `fig:trajectories' on page 15 undefined on input line 954.


Underfull \hbox (badness 3965) in paragraph at lines 954--955
\T1/cmr/m/n/12 ex-plained in the the-ory sec-tion,
 []


Underfull \hbox (badness 1490) in paragraph at lines 954--955
\T1/cmr/m/n/12 ware with the Track-Mate plu-gin.
 []

File: /workspaces/TP3/TP_Dying-cells/Figures/2.5mM_0V_007_trajectories.pdf Graphic file (type pdf)
<use /workspaces/TP3/TP_Dying-cells/Figures/2.5mM_0V_007_trajectories.pdf>
Package pdftex.def Info: /workspaces/TP3/TP_Dying-cells/Figures/2.5mM_0V_007_trajectories.pdf  used on input line 962.
(pdftex.def)             Requested size: 256.83969pt x 186.2752pt.
[15]

LaTeX Warning: Reference `fig:velocity_time_MQ_0V' on page 16 undefined on input line 970.


LaTeX Warning: Reference `fig:velocity_time_MQ_5V' on page 16 undefined on input line 970.


LaTeX Warning: Reference `fig:velocity_time_MQ_10V' on page 16 undefined on input line 970.


LaTeX Warning: Reference `fig:velocity_time_MQ_15V' on page 16 undefined on input line 970.


LaTeX Warning: Reference `fig:velocity_time_MQ_20V' on page 16 undefined on input line 970.


LaTeX Warning: Reference `fig:velocity_vs_voltage_MQ' on page 16 undefined on input line 970.


LaTeX Warning: Reference `fig:velocity_time_Ca_0V' on page 16 undefined on input line 970.


LaTeX Warning: Reference `fig:velocity_time_Ca_5V' on page 16 undefined on input line 970.


LaTeX Warning: Reference `fig:velocity_time_Ca_10V' on page 16 undefined on input line 970.


LaTeX Warning: Reference `fig:velocity_time_Ca_15V' on page 16 undefined on input line 970.


LaTeX Warning: Reference `fig:velocity_time_Ca_20V' on page 16 undefined on input line 970.


LaTeX Warning: Reference `fig:velocity_vs_voltage_Ca' on page 16 undefined on input line 970.

</workspaces/TP3/TP_Dying-cells/Figures/MQ_0V_001_velocity_time.pdf, id=257, 571.33072pt x 426.95386pt>
File: /workspaces/TP3/TP_Dying-cells/Figures/MQ_0V_001_velocity_time.pdf Graphic file (type pdf)
<use /workspaces/TP3/TP_Dying-cells/Figures/MQ_0V_001_velocity_time.pdf>
Package pdftex.def Info: /workspaces/TP3/TP_Dying-cells/Figures/MQ_0V_001_velocity_time.pdf  used on input line 975.
(pdftex.def)             Requested size: 225.16267pt x 168.2573pt.
</workspaces/TP3/TP_Dying-cells/Figures/MQ_5V_001_velocity_time.pdf, id=258, 570.39815pt x 426.90234pt>
File: /workspaces/TP3/TP_Dying-cells/Figures/MQ_5V_001_velocity_time.pdf Graphic file (type pdf)
<use /workspaces/TP3/TP_Dying-cells/Figures/MQ_5V_001_velocity_time.pdf>
Package pdftex.def Info: /workspaces/TP3/TP_Dying-cells/Figures/MQ_5V_001_velocity_time.pdf  used on input line 982.
(pdftex.def)             Requested size: 225.16267pt x 168.51709pt.
</workspaces/TP3/TP_Dying-cells/Figures/MQ_10V_002_velocity_time.pdf, id=259, 571.33072pt x 426.95386pt>
File: /workspaces/TP3/TP_Dying-cells/Figures/MQ_10V_002_velocity_time.pdf Graphic file (type pdf)
<use /workspaces/TP3/TP_Dying-cells/Figures/MQ_10V_002_velocity_time.pdf>
Package pdftex.def Info: /workspaces/TP3/TP_Dying-cells/Figures/MQ_10V_002_velocity_time.pdf  used on input line 992.
(pdftex.def)             Requested size: 225.16267pt x 168.2573pt.
</workspaces/TP3/TP_Dying-cells/Figures/MQ_15V_003_velocity_time.pdf, id=260, 571.33072pt x 426.95386pt>
File: /workspaces/TP3/TP_Dying-cells/Figures/MQ_15V_003_velocity_time.pdf Graphic file (type pdf)
<use /workspaces/TP3/TP_Dying-cells/Figures/MQ_15V_003_velocity_time.pdf>
Package pdftex.def Info: /workspaces/TP3/TP_Dying-cells/Figures/MQ_15V_003_velocity_time.pdf  used on input line 999.
(pdftex.def)             Requested size: 225.16267pt x 168.2573pt.
[16 </workspaces/TP3/TP_Dying-cells/Figures/MQ_0V_001_velocity_time.pdf> </workspaces/TP3/TP_Dying-cells/Figures/MQ_5V_001_velocity_time.pdf>]
</workspaces/TP3/TP_Dying-cells/Figures/MQ_20V_velocity_time.pdf, id=361, 571.33072pt x 426.95386pt>
File: /workspaces/TP3/TP_Dying-cells/Figures/MQ_20V_velocity_time.pdf Graphic file (type pdf)
<use /workspaces/TP3/TP_Dying-cells/Figures/MQ_20V_velocity_time.pdf>
Package pdftex.def Info: /workspaces/TP3/TP_Dying-cells/Figures/MQ_20V_velocity_time.pdf  used on input line 1009.
(pdftex.def)             Requested size: 225.16267pt x 168.2573pt.
</workspaces/TP3/TP_Dying-cells/Figures/MQ_velocity_vs_voltage.pdf, id=362, 562.65836pt x 420.08818pt>
File: /workspaces/TP3/TP_Dying-cells/Figures/MQ_velocity_vs_voltage.pdf Graphic file (type pdf)
<use /workspaces/TP3/TP_Dying-cells/Figures/MQ_velocity_vs_voltage.pdf>
Package pdftex.def Info: /workspaces/TP3/TP_Dying-cells/Figures/MQ_velocity_vs_voltage.pdf  used on input line 1016.
(pdftex.def)             Requested size: 225.16267pt x 168.1092pt.


LaTeX Warning: Reference `fig:velocity_time_MQ_15V' on page 17 undefined on input line 1029.

[17 </workspaces/TP3/TP_Dying-cells/Figures/MQ_10V_002_velocity_time.pdf> </workspaces/TP3/TP_Dying-cells/Figures/MQ_15V_003_velocity_time.pdf> </workspaces/TP3/TP_Dying-cells/Figures/MQ_20V_velocity_time.pdf> </workspaces/TP3/TP_Dying-cells/Figures/MQ_velocity_vs_voltage.pdf>]
</workspaces/TP3/TP_Dying-cells/Figures/2.5mM_0V_007_velocity_time.pdf, id=537, 562.65836pt x 435.2699pt>
File: /workspaces/TP3/TP_Dying-cells/Figures/2.5mM_0V_007_velocity_time.pdf Graphic file (type pdf)
<use /workspaces/TP3/TP_Dying-cells/Figures/2.5mM_0V_007_velocity_time.pdf>
Package pdftex.def Info: /workspaces/TP3/TP_Dying-cells/Figures/2.5mM_0V_007_velocity_time.pdf  used on input line 1039.
(pdftex.def)             Requested size: 225.16267pt x 174.18457pt.
</workspaces/TP3/TP_Dying-cells/Figures/2.5mM_5V_003_velocity_time.pdf, id=538, 562.65836pt x 435.2699pt>
File: /workspaces/TP3/TP_Dying-cells/Figures/2.5mM_5V_003_velocity_time.pdf Graphic file (type pdf)
<use /workspaces/TP3/TP_Dying-cells/Figures/2.5mM_5V_003_velocity_time.pdf>
Package pdftex.def Info: /workspaces/TP3/TP_Dying-cells/Figures/2.5mM_5V_003_velocity_time.pdf  used on input line 1046.
(pdftex.def)             Requested size: 225.16267pt x 174.18457pt.
</workspaces/TP3/TP_Dying-cells/Figures/2.5mM_10V_001_velocity_time.pdf, id=539, 562.65836pt x 435.2699pt>
File: /workspaces/TP3/TP_Dying-cells/Figures/2.5mM_10V_001_velocity_time.pdf Graphic file (type pdf)
<use /workspaces/TP3/TP_Dying-cells/Figures/2.5mM_10V_001_velocity_time.pdf>
Package pdftex.def Info: /workspaces/TP3/TP_Dying-cells/Figures/2.5mM_10V_001_velocity_time.pdf  used on input line 1056.
(pdftex.def)             Requested size: 225.16267pt x 174.18457pt.
</workspaces/TP3/TP_Dying-cells/Figures/2.5mM_15V_001_velocity_time.pdf, id=540, 562.65836pt x 435.2699pt>
File: /workspaces/TP3/TP_Dying-cells/Figures/2.5mM_15V_001_velocity_time.pdf Graphic file (type pdf)
<use /workspaces/TP3/TP_Dying-cells/Figures/2.5mM_15V_001_velocity_time.pdf>
Package pdftex.def Info: /workspaces/TP3/TP_Dying-cells/Figures/2.5mM_15V_001_velocity_time.pdf  used on input line 1063.
(pdftex.def)             Requested size: 225.16267pt x 174.18457pt.
</workspaces/TP3/TP_Dying-cells/Figures/2.5mM_20V_001_velocity_time.pdf, id=541, 562.65836pt x 435.2699pt>
File: /workspaces/TP3/TP_Dying-cells/Figures/2.5mM_20V_001_velocity_time.pdf Graphic file (type pdf)
<use /workspaces/TP3/TP_Dying-cells/Figures/2.5mM_20V_001_velocity_time.pdf>
Package pdftex.def Info: /workspaces/TP3/TP_Dying-cells/Figures/2.5mM_20V_001_velocity_time.pdf  used on input line 1073.
(pdftex.def)             Requested size: 225.16267pt x 174.18457pt.
</workspaces/TP3/TP_Dying-cells/Figures/2.5mM_velocity_vs_voltage.pdf, id=542, 562.65836pt x 420.08818pt>
File: /workspaces/TP3/TP_Dying-cells/Figures/2.5mM_velocity_vs_voltage.pdf Graphic file (type pdf)
<use /workspaces/TP3/TP_Dying-cells/Figures/2.5mM_velocity_vs_voltage.pdf>
Package pdftex.def Info: /workspaces/TP3/TP_Dying-cells/Figures/2.5mM_velocity_vs_voltage.pdf  used on input line 1080.
(pdftex.def)             Requested size: 225.16267pt x 168.1092pt.
 [18 </workspaces/TP3/TP_Dying-cells/Figures/2.5mM_0V_007_velocity_time.pdf> </workspaces/TP3/TP_Dying-cells/Figures/2.5mM_5V_003_velocity_time.pdf> </workspaces/TP3/TP_Dying-cells/Figures/2.5mM_10V_001_velocity_time.pdf> </workspaces/TP3/TP_Dying-cells/Figures/2.5mM_15V_001_velocity_time.pdf>]

LaTeX Warning: Citation `cell_stop' on page 19 undefined on input line 1093.


LaTeX Warning: Reference `fig:velocity_time_Ca_15V' on page 19 undefined on input line 1107.

[19 </workspaces/TP3/TP_Dying-cells/Figures/2.5mM_20V_001_velocity_time.pdf> </workspaces/TP3/TP_Dying-cells/Figures/2.5mM_velocity_vs_voltage.pdf>]

LaTeX Warning: Citation `cell_stop' on page 20 undefined on input line 1114.


/workspaces/TP3/TP_Dying-cells/Report/Cells.tex:1133: Package inputenc Error: Unicode character  (U+207A)
(inputenc)                not set up for use with LaTeX.

See the inputenc package documentation for explanation.
Type  H <return>  for immediate help.
 ...                                              
                                                  
l.1133 ...egimes of cellular response. The Ca
                                                  -enriched medium was shown...
You may provide a definition with
\DeclareUnicodeCharacter 

</workspaces/TP3/TP_Dying-cells/Figures/Paramecium_aligning.png, id=783, 371.3875pt x 371.3875pt>
File: /workspaces/TP3/TP_Dying-cells/Figures/Paramecium_aligning.png Graphic file (type png)
<use /workspaces/TP3/TP_Dying-cells/Figures/Paramecium_aligning.png>
Package pdftex.def Info: /workspaces/TP3/TP_Dying-cells/Figures/Paramecium_aligning.png  used on input line 1144.
(pdftex.def)             Requested size: 213.31125pt x 213.3138pt.
</workspaces/TP3/TP_Dying-cells/Figures/Swimming_Damaged_Paramecium.png, id=786, 371.3875pt x 371.3875pt>
File: /workspaces/TP3/TP_Dying-cells/Figures/Swimming_Damaged_Paramecium.png Graphic file (type png)
<use /workspaces/TP3/TP_Dying-cells/Figures/Swimming_Damaged_Paramecium.png>
Package pdftex.def Info: /workspaces/TP3/TP_Dying-cells/Figures/Swimming_Damaged_Paramecium.png  used on input line 1154.
(pdftex.def)             Requested size: 213.31125pt x 213.3138pt.
</workspaces/TP3/TP_Dying-cells/Figures/Cells_contracting.png, id=789, 371.3875pt x 371.3875pt>
File: /workspaces/TP3/TP_Dying-cells/Figures/Cells_contracting.png Graphic file (type png)
<use /workspaces/TP3/TP_Dying-cells/Figures/Cells_contracting.png>
Package pdftex.def Info: /workspaces/TP3/TP_Dying-cells/Figures/Cells_contracting.png  used on input line 1163.
(pdftex.def)             Requested size: 435.32422pt x 435.33765pt.
[20] [21 </workspaces/TP3/TP_Dying-cells/Figures/Paramecium_aligning.png (PNG copy)> </workspaces/TP3/TP_Dying-cells/Figures/Swimming_Damaged_Paramecium.png (PNG copy)>]
Underfull \hbox (badness 5217) in paragraph at lines 1181--1182
[]\T1/cmr/m/n/12 Paramcie, \T1/cmr/m/it/12 Param-cium\T1/cmr/m/n/12 ; wikipedia; [][]$\T1/cmtt/m/n/12 https : / / fr . wikipedia . org / wiki / Param % C3 %
 []

[22 </workspaces/TP3/TP_Dying-cells/Figures/Cells_contracting.png (PNG copy)>]
/workspaces/TP3/TP_Dying-cells/Report/Cells.tex:1194: Misplaced alignment tab character &.
l.1194 ...J., Lodh, S., Nabi, A., Tassin, A. M., &
                                                   Van Houten, J. L. (2022)....
I can't figure out why you would want to use a tab mark
here. If you just want an ampersand, the remedy is
simple: Just type `I\&' now. But if some right brace
up above has ended a previous alignment prematurely,
you're probably due for more error messages, and you
might try typing `S' now just to see what is salvageable.

Package atveryend Info: Empty hook `BeforeClearDocument' on input line 1199.
[23]
Package atveryend Info: Empty hook `AfterLastShipout' on input line 1199.
 (/workspaces/TP3/TP_Dying-cells/Report/Cells.aux)
Package atveryend Info: Executing hook `AtVeryEndDocument' on input line 1199.
Package atveryend Info: Empty hook `AtEndAfterFileList' on input line 1199.


LaTeX Warning: There were undefined references.


LaTeX Warning: Label(s) may have changed. Rerun to get cross-references right.

Package atveryend Info: Empty hook `AtVeryVeryEnd' on input line 1199.
 )
(\end occurred inside a group at level 1)

### semi simple group (level 1) entered at line 650 (\begingroup)
### bottom level 
Here is how much of TeX's memory you used:
 9577 strings out of 483107
 167377 string characters out of 5964631
 435980 words of memory out of 5000000
 24266 multiletter control sequences out of 15000+600000
 544600 words of font info for 52 fonts, out of 8000000 for 9000
 59 hyphenation exceptions out of 8191
 48i,15n,70p,1160b,776s stack positions out of 5000i,500n,10000p,200000b,80000s
 </home/codespace/.texlive2019/texmf-var/fonts/pk/ljfour/jknappen/ec/ectt1200.600pk> </home/codespace/.texlive2019/texmf-var/fonts/pk/ljfour/jknappen/ec/ecrm0800.600pk> </home/codespace/.texlive2019/texmf-var/fonts/pk/ljfour/jknappen/ec/tcrm1200.600pk> </home/codespace/.texlive2019/texmf-var/fonts/pk/ljfour/jknappen/ec/ecti1200.600pk> </home/codespace/.texlive2019/texmf-var/fonts/pk/ljfour/jknappen/ec/ecrm1200.600pk> </home/codespace/.texlive2019/texmf-var/fonts/pk/ljfour/jknappen/ec/ecbx1200.600pk> </home/codespace/.texlive2019/texmf-var/fonts/pk/ljfour/jknappen/ec/ecss1440.600pk> </home/codespace/.texlive2019/texmf-var/fonts/pk/ljfour/jknappen/ec/ecsx1440.600pk></usr/share/texlive/texmf-dist/fonts/type1/public/amsfonts/cm/cmmi12.pfb></usr/share/texlive/texmf-dist/fonts/type1/public/amsfonts/cm/cmr12.pfb></usr/share/texlive/texmf-dist/fonts/type1/public/amsfonts/cm/cmsy10.pfb>
Output written on /workspaces/TP3/TP_Dying-cells/Report/Cells.pdf (23 pages, 5121476 bytes).
PDF statistics:
 1170 PDF objects out of 1200 (max. 8388607)
 359 compressed objects within 4 object streams
 122 named destinations out of 1000 (max. 500000)
 151 words of extra memory for PDF output out of 10000 (max. 10000000)

